<?xml version="1.0" encoding="UTF-8"?>
<testsuite xmlns:xsi="http://www.w3.org/2001/XMLSchema-instance" xsi:noNamespaceSchemaLocation="https://maven.apache.org/surefire/maven-surefire-plugin/xsd/surefire-test-report.xsd" name="espoch.edu.ec.TestPolinomio" time="0.1" tests="15" errors="0" skipped="0" failures="0">
  <properties>
    <property name="java.specification.version" value="18"/>
    <property name="sun.cpu.isalist" value="amd64"/>
    <property name="sun.jnu.encoding" value="Cp1252"/>
    <property name="java.class.path" value="C:\Users\USUARIO22\Documents\NetBeansProjects\RaicesPolinomio\target\test-classes;C:\Users\USUARIO22\Documents\NetBeansProjects\RaicesPolinomio\target\classes;C:\Users\USUARIO22\.m2\repository\org\junit\jupiter\junit-jupiter-api\5.6.0\junit-jupiter-api-5.6.0.jar;C:\Users\USUARIO22\.m2\repository\org\apiguardian\apiguardian-api\1.1.0\apiguardian-api-1.1.0.jar;C:\Users\USUARIO22\.m2\repository\org\opentest4j\opentest4j\1.2.0\opentest4j-1.2.0.jar;C:\Users\USUARIO22\.m2\repository\org\junit\platform\junit-platform-commons\1.6.0\junit-platform-commons-1.6.0.jar;C:\Users\USUARIO22\.m2\repository\org\junit\jupiter\junit-jupiter-params\5.6.0\junit-jupiter-params-5.6.0.jar;C:\Users\USUARIO22\.m2\repository\org\junit\jupiter\junit-jupiter-engine\5.6.0\junit-jupiter-engine-5.6.0.jar;C:\Users\USUARIO22\.m2\repository\org\junit\platform\junit-platform-engine\1.6.0\junit-platform-engine-1.6.0.jar;"/>
    <property name="java.vm.vendor" value="Oracle Corporation"/>
    <property name="sun.arch.data.model" value="64"/>
    <property name="user.variant" value=""/>
    <property name="java.vendor.url" value="https://java.oracle.com/"/>
    <property name="user.timezone" value="America/Guayaquil"/>
    <property name="os.name" value="Windows 10"/>
    <property name="java.vm.specification.version" value="18"/>
    <property name="user.country" value="US"/>
    <property name="sun.java.launcher" value="SUN_STANDARD"/>
    <property name="sun.boot.library.path" value="C:\Program Files\Java\jdk-18.0.1\bin"/>
    <property name="sun.java.command" value="C:\Users\USUARIO22\AppData\Local\Temp\surefire5422090657805906994\surefirebooter1397079346956509946.jar C:\Users\USUARIO22\AppData\Local\Temp\surefire5422090657805906994 2022-10-05T14-49-52_858-jvmRun1 surefire6367062736484110910tmp surefire_018051440195336604508tmp"/>
    <property name="jdk.debug" value="release"/>
    <property name="test" value="espoch.edu.ec.TestPolinomio"/>
    <property name="surefire.test.class.path" value="C:\Users\USUARIO22\Documents\NetBeansProjects\RaicesPolinomio\target\test-classes;C:\Users\USUARIO22\Documents\NetBeansProjects\RaicesPolinomio\target\classes;C:\Users\USUARIO22\.m2\repository\org\junit\jupiter\junit-jupiter-api\5.6.0\junit-jupiter-api-5.6.0.jar;C:\Users\USUARIO22\.m2\repository\org\apiguardian\apiguardian-api\1.1.0\apiguardian-api-1.1.0.jar;C:\Users\USUARIO22\.m2\repository\org\opentest4j\opentest4j\1.2.0\opentest4j-1.2.0.jar;C:\Users\USUARIO22\.m2\repository\org\junit\platform\junit-platform-commons\1.6.0\junit-platform-commons-1.6.0.jar;C:\Users\USUARIO22\.m2\repository\org\junit\jupiter\junit-jupiter-params\5.6.0\junit-jupiter-params-5.6.0.jar;C:\Users\USUARIO22\.m2\repository\org\junit\jupiter\junit-jupiter-engine\5.6.0\junit-jupiter-engine-5.6.0.jar;C:\Users\USUARIO22\.m2\repository\org\junit\platform\junit-platform-engine\1.6.0\junit-platform-engine-1.6.0.jar;"/>
    <property name="sun.cpu.endian" value="little"/>
    <property name="user.home" value="C:\Users\USUARIO22"/>
    <property name="user.language" value="en"/>
    <property name="java.specification.vendor" value="Oracle Corporation"/>
    <property name="java.version.date" value="2022-04-19"/>
    <property name="java.home" value="C:\Program Files\Java\jdk-18.0.1"/>
    <property name="file.separator" value="\"/>
    <property name="basedir" value="C:\Users\USUARIO22\Documents\NetBeansProjects\RaicesPolinomio"/>
    <property name="java.vm.compressedOopsMode" value="32-bit"/>
    <property name="line.separator" value="&#10;"/>
    <property name="java.vm.specification.vendor" value="Oracle Corporation"/>
    <property name="java.specification.name" value="Java Platform API Specification"/>
    <property name="surefire.real.class.path" value="C:\Users\USUARIO22\AppData\Local\Temp\surefire5422090657805906994\surefirebooter1397079346956509946.jar"/>
    <property name="user.script" value=""/>
    <property name="sun.management.compiler" value="HotSpot 64-Bit Tiered Compilers"/>
    <property name="java.runtime.version" value="18.0.1+10-24"/>
    <property name="user.name" value="USUARIO22"/>
    <property name="path.separator" value=";"/>
    <property name="os.version" value="10.0"/>
    <property name="java.runtime.name" value="Java(TM) SE Runtime Environment"/>
    <property name="file.encoding" value="UTF-8"/>
    <property name="java.vm.name" value="Java HotSpot(TM) 64-Bit Server VM"/>
    <property name="maven.ext.class.path" value="C:\Program Files\NetBeans-13\netbeans\java\maven-nblib\netbeans-eventspy.jar;C:\Program Files\NetBeans-13\netbeans\java\maven-nblib\netbeans-eventspy.jar"/>
    <property name="localRepository" value="C:\Users\USUARIO22\.m2\repository"/>
    <property name="java.vendor.url.bug" value="https://bugreport.java.com/bugreport/"/>
    <property name="java.io.tmpdir" value="C:\Users\USUARIO22\AppData\Local\Temp\"/>
    <property name="java.version" value="18.0.1"/>
    <property name="user.dir" value="C:\Users\USUARIO22\Documents\NetBeansProjects\RaicesPolinomio"/>
    <property name="os.arch" value="amd64"/>
    <property name="java.vm.specification.name" value="Java Virtual Machine Specification"/>
    <property name="sun.os.patch.level" value=""/>
    <property name="native.encoding" value="Cp1252"/>
    <property name="java.library.path" value="C:\Program Files\Java\jdk-18.0.1\bin;C:\Windows\Sun\Java\bin;C:\Windows\system32;C:\Windows;C:\Program Files\Common Files\Oracle\Java\javapath;C:\Windows\system32;C:\Windows;C:\Windows\System32\Wbem;C:\Windows\System32\WindowsPowerShell\v1.0\;C:\Windows\System32\OpenSSH\;C:\Program Files\swipl\bin;C:\Users\USUARIO22\AppData\Local\Microsoft\WindowsApps;;C:\Users\USUARIO22\AppData\Local\Programs\Microsoft VS Code\bin;."/>
    <property name="java.vm.info" value="mixed mode, sharing"/>
    <property name="java.vendor" value="Oracle Corporation"/>
    <property name="java.vm.version" value="18.0.1+10-24"/>
    <property name="sun.io.unicode.encoding" value="UnicodeLittle"/>
    <property name="java.class.version" value="62.0"/>
  </properties>
  <testcase name="CP1" classname="espoch.edu.ec.TestPolinomio" time="0.027"/>
  <testcase name="CP2" classname="espoch.edu.ec.TestPolinomio" time="0.005"/>
  <testcase name="CP3" classname="espoch.edu.ec.TestPolinomio" time="0.005"/>
  <testcase name="CP4" classname="espoch.edu.ec.TestPolinomio" time="0.002"/>
  <testcase name="CP5" classname="espoch.edu.ec.TestPolinomio" time="0.004"/>
  <testcase name="CP6" classname="espoch.edu.ec.TestPolinomio" time="0.004"/>
  <testcase name="CP7" classname="espoch.edu.ec.TestPolinomio" time="0.004"/>
  <testcase name="CP8" classname="espoch.edu.ec.TestPolinomio" time="0.004"/>
  <testcase name="CP9" classname="espoch.edu.ec.TestPolinomio" time="0.002"/>
  <testcase name="CP10" classname="espoch.edu.ec.TestPolinomio" time="0.002"/>
  <testcase name="CP11" classname="espoch.edu.ec.TestPolinomio" time="0.002"/>
  <testcase name="CP12" classname="espoch.edu.ec.TestPolinomio" time="0.001"/>
  <testcase name="CP13" classname="espoch.edu.ec.TestPolinomio" time="0.001"/>
  <testcase name="CP14" classname="espoch.edu.ec.TestPolinomio" time="0.001"/>
  <testcase name="CP15" classname="espoch.edu.ec.TestPolinomio" time="0.001"/>
</testsuite>